<?xml version="1.0" encoding="UTF-8"?>
<!-- Generated by org.testng.reporters.JUnitReportReporter -->
<testsuite hostname="DESKTOP-JG6BOSJ" failures="0" tests="1" name="com.javacodegeeks.testng.maven.TestNgMavenExample" time="0.008" errors="0" timestamp="30 Oct 2018 06:53:43 GMT">
  <testcase classname="com.javacodegeeks.testng.maven.TestNgMavenExample" name="exampleOfTestNgMaven" time="0.008"/>
</testsuite> <!-- com.javacodegeeks.testng.maven.TestNgMavenExample -->
