<?xml version="1.0" encoding="UTF-8"?>
<!-- Generated by org.testng.reporters.JUnitReportReporter -->
<testsuite hostname="DESKTOP-JG6BOSJ" failures="0" tests="1" name="com.javacodegeeks.testng.maven.TestNgMavenSecondClass" time="0.000" errors="0" timestamp="30 Oct 2018 06:53:43 GMT">
  <testcase classname="com.javacodegeeks.testng.maven.TestNgMavenSecondClass" name="oneMoreTest" time="0.000"/>
</testsuite> <!-- com.javacodegeeks.testng.maven.TestNgMavenSecondClass -->
